2025-09-20 17:05:11 error: [createThemeCategory] Error creating theme category:] Validation error
2025-09-20 17:08:54 error: [createThemeCategory] Error creating theme category:] Validation error
2025-09-20 17:08:57 error: [createThemeCategory] Error creating theme category:] Cannot read properties of undefined (reading 'id')
2025-09-20 17:19:21 error: [getAllThemeCategories] Error fetching theme categories:] Sequelize is not defined
2025-09-22 10:52:59 error: Cannot read properties of undefined (reading 'id')
2025-09-22 10:53:59 error: Cannot read properties of undefined (reading 'id')
2025-09-22 10:54:34 error: Cannot read properties of undefined (reading 'id')
2025-09-24 10:35:19 error: [updateAdminController] Unexpected non-whitespace character after JSON at position 1 (line 1 column 2)
2025-09-24 10:35:40 error: [updateAdminController] Unexpected non-whitespace character after JSON at position 1 (line 1 column 2)
2025-09-24 10:36:04 error: [updateAdminController] Unexpected non-whitespace character after JSON at position 1 (line 1 column 2)
2025-09-24 10:38:14 error: [updateAdminController] Cannot add or update a child row: a foreign key constraint fails (`mydb`.`admin_roles`, CONSTRAINT `admin_roles_ibfk_1` FOREIGN KEY (`role_id`) REFERENCES `roles` (`id`) ON DELETE CASCADE ON UPDATE CASCADE)
2025-09-24 10:45:30 error: [updateAdminStatusController] updateAdminStatusService is not defined
2025-09-24 10:45:44 error: [updateAdminStatusController] updateAdminStatusService is not defined
2025-09-24 10:46:02 error: [updateAdminStatusController] updateAdminStatusService is not defined
2025-09-24 10:46:26 error: [updateAdminStatusController] updateAdminStatusService is not defined
2025-09-24 10:46:55 error: [updateAdminStatusController] updateAdminStatus is not defined
2025-09-24 12:01:01 error: [updateRoleController] updateRoleWithPermissionsService is not defined
2025-09-24 12:01:10 error: [updateRoleController] updateRoleWithPermissionsService is not defined
2025-09-24 15:52:08 error: [createRoleService] p.trim is not a function
2025-09-24 15:53:39 error: [createRoleService] Role code already exists
2025-09-24 15:59:26 error: [createRoleService] p.trim is not a function
2025-09-24 15:59:45 error: [createRoleService] No valid permissions found to assign
2025-09-24 16:12:26 error: [createRoleService] Role code already exists
2025-09-24 16:12:34 error: [createRoleService] findPermissionsByIds is not defined
2025-09-24 16:29:14 error: [createRoleService] Name and Code are required
2025-09-24 16:29:21 error: [createRoleService] Name and Code are required
2025-09-24 16:29:44 error: [createRoleService] Name and Code are required
2025-09-24 16:30:10 error: [createRoleService] Name and Code are required
2025-09-24 16:32:02 error: [createRoleService] Name and Code are required
2025-09-24 16:32:45 error: [createRoleService] Name and Code are required
2025-09-26 12:30:44 error: [updateAdminController] Transaction cannot be rolled back because it has been finished with state: rollback
2025-09-26 12:32:27 error: [updateAdminController] Transaction cannot be rolled back because it has been finished with state: rollback
2025-09-26 12:33:31 error: [updateAdminController] Cannot read properties of undefined (reading 'destroy')
2025-09-26 12:33:46 error: [updateAdminController] Cannot read properties of undefined (reading 'destroy')
2025-09-26 12:34:34 error: [updateAdminController] Unknown column 'adminId' in 'where clause'
2025-09-26 12:34:56 error: [updateAdminController] Cannot read properties of undefined (reading 'bulkCreate')
2025-09-26 12:35:11 error: [updateAdminController] Field 'role_id' doesn't have a default value
2025-09-26 12:43:59 error: [updateAdminStatusController] Transaction cannot be rolled back because it has been finished with state: commit
2025-09-26 12:47:09 error: [updateAdminStatusController] Transaction cannot be rolled back because it has been finished with state: commit
2025-09-26 12:47:47 error: [updateAdminStatusController] updatedAdmin.reload is not a function
2025-09-26 12:52:56 error: [updateAdminStatusController] number 1 is not iterable (cannot read property Symbol(Symbol.iterator))
2025-09-26 18:20:10 error: [createAdmin] Error: Email already exists
2025-09-26 18:20:59 error: [createAdmin] Error: Email already exists
2025-09-26 18:21:05 error: [createAdmin] Error: Incorrect integer value: 'TA' for column 'role_id' at row 1
2025-09-26 18:29:25 error: [updateAdminController] r.trim is not a function
2025-09-26 18:37:13 error: [createAdmin] Email already exists
2025-09-27 13:04:20 error: Error creating theme: Cannot destructure property 'created_by' of 'undefined' as it is undefined.
2025-09-27 13:05:04 error: Error creating theme: Cannot destructure property 'created_by' of 'undefined' as it is undefined.
2025-09-27 13:05:47 error: Error creating theme: Cannot destructure property 'created_by' of 'undefined' as it is undefined.
2025-09-27 13:09:31 error: Error updating theme status: Cannot destructure property 'created_by' of 'undefined' as it is undefined.
2025-09-27 15:22:55 error: updateThemeStatus error: logActivity is not defined
2025-09-27 15:23:07 error: updateThemeStatus error: admin is not defined
2025-09-27 15:23:08 error: updateThemeStatus error: admin is not defined
2025-09-29 15:40:12 error: Error fetching themes: OccasionModel is not defined
2025-09-29 15:40:21 error: Error fetching themes: OccasionModel is not defined
2025-09-29 15:40:32 error: Error fetching themes: OccasionModel is not defined
2025-09-29 15:40:32 error: Error fetching themes: OccasionModel is not defined
2025-09-29 15:41:37 error: Error fetching themes: OccasionModel is not defined
2025-09-29 15:41:37 error: Error fetching themes: OccasionModel is not defined
2025-09-29 15:41:55 error: Error fetching themes: OccasionModel is not defined
2025-09-29 15:41:55 error: Error fetching themes: OccasionModel is not defined
2025-09-29 15:51:20 error: Error fetching themes: OccasionModel is not defined
2025-09-29 15:52:39 error: Error fetching themes: OccasionModel is not defined
2025-09-29 15:52:40 error: Error fetching themes: OccasionModel is not defined
2025-09-29 15:53:35 error: Error fetching themes: OccasionModel is not defined
2025-09-29 15:56:00 error: Error fetching themes: Argument passed to findByPk is invalid: 1,1,1,1,1,1,1,21,1,1
